<?xml version="1.0" encoding="UTF-8"?>
<!-- Generated by org.testng.reporters.JUnitReportReporter -->
<testsuite hostname="L-158032554" failures="0" tests="4" name="testNG.LoginTestCasesDataProvider" time="53.108" errors="0" timestamp="2023-08-10T17:18:58 IST" skipped="0">
  <testcase classname="testNG.LoginTestCasesDataProvider" name="main" time="16.780"/>
  <testcase classname="testNG.LoginTestCasesDataProvider" name="main" time="12.565"/>
  <testcase classname="testNG.LoginTestCasesDataProvider" name="main" time="12.834"/>
  <testcase classname="testNG.LoginTestCasesDataProvider" name="main" time="10.929"/>
</testsuite> <!-- testNG.LoginTestCasesDataProvider -->
