<?xml version="1.0" encoding="UTF-8"?>
<!-- Generated by org.testng.reporters.JUnitReportReporter -->
<testsuite hostname="L-158032554" failures="0" tests="2" name="testNG.attributes" time="0.018" errors="0" timestamp="2023-07-15T17:14:58 IST" skipped="0">
  <testcase classname="testNG.attributes" name="signup" time="0.002"/>
  <testcase classname="testNG.attributes" name="addtocard" time="0.016"/>
</testsuite> <!-- testNG.attributes -->
