<?xml version="1.0" encoding="UTF-8"?>
<!-- Generated by org.testng.reporters.JUnitReportReporter -->
<testsuite hostname="L-158032554" failures="0" tests="1" name="ExtentReports.ExtentReport" time="23.133" errors="0" timestamp="2023-09-15T23:07:34 IST" skipped="0">
  <testcase classname="ExtentReports.ExtentReport" name="initialTest" time="23.133"/>
</testsuite> <!-- ExtentReports.ExtentReport -->
