<?xml version="1.0" encoding="UTF-8"?>
<!-- Generated by org.testng.reporters.JUnitReportReporter -->
<testsuite hostname="L-158032554" failures="0" tests="1" name="PageObjectModel.LoginTestCases" time="7.727" errors="0" timestamp="2023-07-31T07:20:28 IST" skipped="0">
  <testcase classname="PageObjectModel.LoginTestCases" name="main" time="7.727"/>
</testsuite> <!-- PageObjectModel.LoginTestCases -->
