<?xml version="1.0" encoding="UTF-8"?>
<!-- Generated by org.testng.reporters.JUnitReportReporter -->
<testsuite hostname="L-158032554" failures="0" tests="1" name="testNG.Textbox" time="34.876" errors="0" timestamp="2023-08-10T16:43:31 IST" skipped="0">
  <testcase classname="testNG.Textbox" name="main" time="34.876"/>
</testsuite> <!-- testNG.Textbox -->
