<?xml version="1.0" encoding="UTF-8"?>
<!-- Generated by org.testng.reporters.JUnitReportReporter -->
<testsuite hostname="L-158032554" failures="0" tests="1" name="testNG.Example3" time="30.969" errors="0" timestamp="2023-08-10T16:43:31 IST" skipped="0">
  <testcase classname="testNG.Example3" name="main" time="30.969"/>
</testsuite> <!-- testNG.Example3 -->
