<?xml version="1.0" encoding="UTF-8"?>
<!-- Generated by org.testng.reporters.JUnitReportReporter -->
<testsuite hostname="L-158032554" failures="0" tests="2" name="utils.ExtentReports" time="3.029" errors="0" timestamp="2023-08-21T08:21:22 IST" skipped="0">
  <testcase classname="utils.ExtentReports" name="OpenGoogle" time="1.882"/>
  <testcase classname="utils.ExtentReports" name="OpenBing" time="1.147"/>
</testsuite> <!-- utils.ExtentReports -->
