<?xml version="1.0" encoding="UTF-8"?>
<!-- Generated by org.testng.reporters.JUnitReportReporter -->
<testsuite hostname="L-158032554" failures="0" tests="3" name="testNG.SuiteTest" time="22.516" errors="0" timestamp="2023-08-10T16:38:00 IST" skipped="0">
  <testcase classname="testNG.SuiteTest" name="chrome" time="1.844"/>
  <testcase classname="testNG.SuiteTest" name="yahoo" time="19.871"/>
  <testcase classname="testNG.SuiteTest" name="bing" time="0.801"/>
</testsuite> <!-- testNG.SuiteTest -->
