<?xml version="1.0" encoding="UTF-8"?>
<!-- Generated by org.testng.reporters.JUnitReportReporter -->
<testsuite hostname="L-158032554" failures="0" tests="3" name="testNG.invocationCounting" time="79.025" errors="0" timestamp="2023-07-15T16:52:30 IST" skipped="0">
  <testcase classname="testNG.invocationCounting" name="main" time="27.414"/>
  <testcase classname="testNG.invocationCounting" name="main" time="27.845"/>
  <testcase classname="testNG.invocationCounting" name="main" time="23.766"/>
</testsuite> <!-- testNG.invocationCounting -->
