<?xml version="1.0" encoding="UTF-8"?>
<!-- Generated by org.testng.reporters.JUnitReportReporter -->
<testsuite hostname="L-158032554" failures="0" tests="1" name="Util.Login" time="19.962" errors="0" timestamp="2023-08-10T16:51:41 IST" skipped="0">
  <testcase classname="Util.Login" name="main" time="19.962"/>
</testsuite> <!-- Util.Login -->
