<?xml version="1.0" encoding="UTF-8"?>
<!-- Generated by org.testng.reporters.JUnitReportReporter -->
<testsuite hostname="L-158032554" failures="0" tests="1" name="testNG.FindElements" time="33.365" errors="0" timestamp="2023-08-10T16:43:31 IST" skipped="0">
  <testcase classname="testNG.FindElements" name="main" time="33.365"/>
</testsuite> <!-- testNG.FindElements -->
