<?xml version="1.0" encoding="UTF-8"?>
<!-- Generated by org.testng.reporters.JUnitReportReporter -->
<testsuite hostname="L-158032554" failures="0" tests="2" name="Util.getDataProvider" time="85.299" errors="0" timestamp="2023-08-05T12:58:14 IST" skipped="0">
  <testcase classname="Util.getDataProvider" name="Login" time="15.069"/>
  <testcase classname="Util.getDataProvider" name="Login" time="70.230"/>
</testsuite> <!-- Util.getDataProvider -->
