<?xml version="1.0" encoding="UTF-8"?>
<!-- Generated by org.testng.reporters.JUnitReportReporter -->
<testsuite hostname="L-158032554" failures="0" tests="2" name="testNG.groups" time="0.018" errors="0" timestamp="2023-08-10T16:45:27 IST" skipped="0">
  <testcase classname="testNG.groups" name="signup" time="0.003"/>
  <testcase classname="testNG.groups" name="addtocard" time="0.015"/>
</testsuite> <!-- testNG.groups -->
