<?xml version="1.0" encoding="UTF-8"?>
<!-- Generated by org.testng.reporters.JUnitReportReporter -->
<testsuite hostname="L-158032554" failures="0" tests="1" name="PageObjectModel.UpdateElement" time="27.237" errors="0" timestamp="2023-08-10T18:20:46 IST" skipped="0">
  <testcase classname="PageObjectModel.UpdateElement" name="main" time="27.237"/>
</testsuite> <!-- PageObjectModel.UpdateElement -->
