<?xml version="1.0" encoding="UTF-8"?>
<!-- Generated by org.testng.reporters.JUnitReportReporter -->
<testsuite hostname="L-158032554" failures="0" tests="1" name="testNG.sample" time="0.020" errors="0" timestamp="2023-09-16T15:19:25 IST" skipped="0">
  <testcase classname="testNG.sample" name="signup" time="0.020"/>
</testsuite> <!-- testNG.sample -->
