<?xml version="1.0" encoding="UTF-8"?>
<!-- Generated by org.testng.reporters.JUnitReportReporter -->
<testsuite hostname="L-158032554" failures="0" tests="2" name="testNG.getDataProvider" time="28.181" errors="0" timestamp="2023-08-10T17:10:12 IST" skipped="0">
  <testcase classname="testNG.getDataProvider" name="Login" time="15.357"/>
  <testcase classname="testNG.getDataProvider" name="Login" time="12.824"/>
</testsuite> <!-- testNG.getDataProvider -->
